{"E:\\webdev\\namasteReact\\src\\components\\Contact.js": {"path":"E:\\webdev\\namasteReact\\src\\components\\Contact.js","statementMap":{"0":{"start":{"line":4,"column":16},"end":{"line":27,"column":1}},"1":{"start":{"line":5,"column":32},"end":{"line":5,"column":47}},"2":{"start":{"line":6,"column":25},"end":{"line":9,"column":5}},"3":{"start":{"line":7,"column":8},"end":{"line":7,"column":27}},"4":{"start":{"line":8,"column":8},"end":{"line":8,"column":25}},"5":{"start":{"line":10,"column":2},"end":{"line":26,"column":4}}},"fnMap":{"0":{"name":"(anonymous_0)","decl":{"start":{"line":4,"column":16},"end":{"line":4,"column":17}},"loc":{"start":{"line":4,"column":22},"end":{"line":27,"column":1}},"line":4},"1":{"name":"(anonymous_1)","decl":{"start":{"line":6,"column":25},"end":{"line":6,"column":26}},"loc":{"start":{"line":6,"column":32},"end":{"line":9,"column":5}},"line":6}},"branchMap":{"0":{"loc":{"start":{"line":22,"column":21},"end":{"line":22,"column":96}},"type":"binary-expr","locations":[{"start":{"line":22,"column":21},"end":{"line":22,"column":28}},{"start":{"line":22,"column":32},"end":{"line":22,"column":96}}],"line":22}},"s":{"0":1,"1":1,"2":1,"3":0,"4":0,"5":1},"f":{"0":1,"1":0},"b":{"0":[1,0]},"_coverageSchema":"1a1c01bbd47fc00a2c39e90264f33305004495a9","hash":"d3c8fc2320e69c03d9f82a8125ac35f059b84b48"}
,"E:\\webdev\\namasteReact\\src\\components\\sum.js": {"path":"E:\\webdev\\namasteReact\\src\\components\\sum.js","statementMap":{"0":{"start":{"line":1,"column":18},"end":{"line":3,"column":1}},"1":{"start":{"line":2,"column":4},"end":{"line":2,"column":18}}},"fnMap":{"0":{"name":"(anonymous_0)","decl":{"start":{"line":1,"column":18},"end":{"line":1,"column":19}},"loc":{"start":{"line":1,"column":25},"end":{"line":3,"column":1}},"line":1}},"branchMap":{},"s":{"0":1,"1":1},"f":{"0":1},"b":{},"_coverageSchema":"1a1c01bbd47fc00a2c39e90264f33305004495a9","hash":"d50d8039b0decce0207083f538f6c2d275063517"}
}
