TN:
SF:src\components\Contact.js
FN:4,(anonymous_0)
FN:6,(anonymous_1)
FNF:2
FNH:1
FNDA:2,(anonymous_0)
FNDA:0,(anonymous_1)
DA:4,1
DA:5,2
DA:6,2
DA:7,0
DA:8,0
DA:10,2
LF:6
LH:4
BRDA:22,0,0,2
BRDA:22,0,1,0
BRF:2
BRH:1
end_of_record
TN:
SF:src\components\Header.js
FN:7,(anonymous_0)
FN:13,(anonymous_1)
FN:52,(anonymous_2)
FN:60,(anonymous_3)
FNF:4
FNH:2
FNDA:1,(anonymous_0)
FNDA:2,(anonymous_1)
FNDA:0,(anonymous_2)
FNDA:0,(anonymous_3)
DA:7,1
DA:9,1
DA:10,1
DA:13,2
DA:14,1
DA:17,1
DA:52,0
DA:60,0
LF:8
LH:6
BRDA:45,0,0,1
BRDA:45,0,1,0
BRDA:50,1,0,0
BRDA:50,1,1,1
BRF:4
BRH:2
end_of_record
TN:
SF:src\components\sum.js
FN:1,(anonymous_0)
FNF:1
FNH:1
FNDA:1,(anonymous_0)
DA:1,1
DA:2,1
LF:2
LH:2
BRF:0
BRH:0
end_of_record
TN:
SF:src\utils\UserContext.js
FNF:0
FNH:0
DA:4,1
LF:1
LH:1
BRF:0
BRH:0
end_of_record
TN:
SF:src\utils\appStore.js
FNF:0
FNH:0
DA:7,1
LF:1
LH:1
BRF:0
BRH:0
end_of_record
TN:
SF:src\utils\cartSlice.js
FN:9,(anonymous_0)
FN:12,(anonymous_1)
FN:15,(anonymous_2)
FNF:3
FNH:0
FNDA:0,(anonymous_0)
FNDA:0,(anonymous_1)
FNDA:0,(anonymous_2)
DA:3,1
DA:10,0
DA:13,0
DA:16,0
DA:21,1
LF:5
LH:2
BRF:0
BRH:0
end_of_record
TN:
SF:src\utils\constants.js
FNF:0
FNH:0
DA:1,1
DA:2,1
DA:4,1
DA:6,1
DA:7,1
DA:10,1
DA:14,1
DA:19,1
DA:22,1
LF:9
LH:9
BRF:0
BRH:0
end_of_record
